0 info it worked if it ends with ok
1 verbose cli [ 'node', '/usr/local/bin/npm', 'start' ]
2 info using npm@1.2.18
3 info using node@v0.10.5
4 verbose read json /Users/junhao/Desktop/bubble-3/sandbox/boilerplate_junhao/package.json
5 verbose run-script [ 'prestart', 'start', 'poststart' ]
6 info prestart campus-bubble@2.0.1
7 info start campus-bubble@2.0.1
8 verbose unsafe-perm in lifecycle true
9 silly exec sh "-c" "node server.js"
10 silly sh,-c,node server.js,/Users/junhao/Desktop/bubble-3/sandbox/boilerplate_junhao spawning
11 info campus-bubble@2.0.1 Failed to exec start script
12 error campus-bubble@2.0.1 start: `node server.js`
12 error `sh "-c" "node server.js"` failed with 8
13 error Failed at the campus-bubble@2.0.1 start script.
13 error This is most likely a problem with the campus-bubble package,
13 error not with npm itself.
13 error Tell the author that this fails on your system:
13 error     node server.js
13 error You can get their info via:
13 error     npm owner ls campus-bubble
13 error There is likely additional logging output above.
14 error System Darwin 12.3.0
15 error command "node" "/usr/local/bin/npm" "start"
16 error cwd /Users/junhao/Desktop/bubble-3/sandbox/boilerplate_junhao
17 error node -v v0.10.5
18 error npm -v 1.2.18
19 error code ELIFECYCLE
20 verbose exit [ 1, true ]
